2025-12-06 18:50:11 INFO  LoginTest:27 - ===== Starting Test: LoginTest =====
2025-12-06 18:50:11 INFO  LoginTest:27 - ===== Starting Test: LoginTest =====
2025-12-06 18:50:11 INFO  LoginTest:27 - ===== Starting Test: LoginTest =====
2025-12-06 18:50:14 INFO  LoginTest:32 - edge driver initialized.
2025-12-06 18:50:14 INFO  LoginTest:32 - chrome driver initialized.
2025-12-06 18:50:16 INFO  LoginTest:37 - Navigated to URL: https://rahulshettyacademy.com/client/#/auth/login
2025-12-06 18:50:16 INFO  LoginTest:37 - Navigated to URL: https://rahulshettyacademy.com/client/#/auth/login
2025-12-06 18:50:16 INFO  LoginTest:32 - firefox driver initialized.
2025-12-06 18:50:18 INFO  LoginTest:37 - Navigated to URL: https://rahulshettyacademy.com/client/#/auth/login
2025-12-06 18:50:22 INFO  LoginTest:48 - ===== Ending Test: LoginTest =====
2025-12-06 18:50:23 INFO  LoginTest:48 - ===== Ending Test: LoginTest =====
2025-12-06 18:50:23 INFO  LoginTest:51 - Driver closed successfully.
2025-12-06 18:50:24 INFO  LoginTest:51 - Driver closed successfully.
2025-12-06 18:50:24 INFO  LoginTest:48 - ===== Ending Test: LoginTest =====
2025-12-06 18:50:30 INFO  LoginTest:51 - Driver closed successfully.
2025-12-06 18:50:55 INFO  LoginTest:27 - ===== Starting Test: LoginTest =====
2025-12-06 18:50:55 INFO  LoginTest:27 - ===== Starting Test: LoginTest =====
2025-12-06 18:50:55 INFO  LoginTest:27 - ===== Starting Test: LoginTest =====
2025-12-06 18:50:58 INFO  LoginTest:32 - edge driver initialized.
2025-12-06 18:50:58 INFO  LoginTest:32 - chrome driver initialized.
2025-12-06 18:50:58 INFO  LoginTest:37 - Navigated to URL: https://rahulshettyacademy.com/client/#/auth/login
2025-12-06 18:50:59 INFO  LoginTest:37 - Navigated to URL: https://rahulshettyacademy.com/client/#/auth/login
2025-12-06 18:51:00 INFO  LoginTest:32 - firefox driver initialized.
2025-12-06 18:51:02 INFO  LoginTest:37 - Navigated to URL: https://rahulshettyacademy.com/client/#/auth/login
2025-12-06 18:51:06 INFO  LoginTest:48 - ===== Ending Test: LoginTest =====
2025-12-06 18:51:06 INFO  LoginTest:48 - ===== Ending Test: LoginTest =====
2025-12-06 18:51:07 INFO  LoginTest:51 - Driver closed successfully.
2025-12-06 18:51:08 INFO  LoginTest:51 - Driver closed successfully.
2025-12-06 18:51:08 INFO  LoginTest:48 - ===== Ending Test: LoginTest =====
2025-12-06 18:51:14 INFO  LoginTest:51 - Driver closed successfully.
2025-12-06 18:54:49 INFO  LoginTest:27 - ===== Starting Test: LoginTest =====
2025-12-06 18:54:49 INFO  LoginTest:27 - ===== Starting Test: LoginTest =====
2025-12-06 18:54:49 INFO  LoginTest:27 - ===== Starting Test: LoginTest =====
2025-12-06 18:54:52 INFO  LoginTest:32 - edge driver initialized.
2025-12-06 18:54:52 INFO  LoginTest:32 - chrome driver initialized.
2025-12-06 18:54:53 INFO  LoginTest:37 - Navigated to URL: https://rahulshettyacademy.com/client/#/auth/login
2025-12-06 18:54:53 INFO  LoginTest:37 - Navigated to URL: https://rahulshettyacademy.com/client/#/auth/login
2025-12-06 18:54:55 INFO  LoginTest:32 - firefox driver initialized.
2025-12-06 18:54:56 INFO  LoginTest:37 - Navigated to URL: https://rahulshettyacademy.com/client/#/auth/login
2025-12-06 18:55:00 INFO  LoginTest:48 - ===== Ending Test: LoginTest =====
2025-12-06 18:55:01 INFO  LoginTest:48 - ===== Ending Test: LoginTest =====
2025-12-06 18:55:02 INFO  LoginTest:51 - Driver closed successfully.
2025-12-06 18:55:02 INFO  LoginTest:51 - Driver closed successfully.
2025-12-06 18:55:03 INFO  LoginTest:48 - ===== Ending Test: LoginTest =====
2025-12-06 18:55:08 INFO  LoginTest:51 - Driver closed successfully.
